Traceback (most recent call last):
  File "/home/mpye/docs_env/lib64/python3.11/site-packages/jupyter_cache/executors/utils.py", line 58, in single_nb_execution
    executenb(
  File "/home/mpye/docs_env/lib64/python3.11/site-packages/nbclient/client.py", line 1319, in execute
    return NotebookClient(nb=nb, resources=resources, km=km, **kwargs).execute()
           ^^^^^^^^^^^^^^^^^^^^^^^^^^^^^^^^^^^^^^^^^^^^^^^^^^^^^^^^^^^^^^^^^^^^^
  File "/home/mpye/docs_env/lib64/python3.11/site-packages/jupyter_core/utils/__init__.py", line 165, in wrapped
    return loop.run_until_complete(inner)
           ^^^^^^^^^^^^^^^^^^^^^^^^^^^^^^
  File "/usr/lib64/python3.11/asyncio/base_events.py", line 654, in run_until_complete
    return future.result()
           ^^^^^^^^^^^^^^^
  File "/home/mpye/docs_env/lib64/python3.11/site-packages/nbclient/client.py", line 709, in async_execute
    await self.async_execute_cell(
  File "/home/mpye/docs_env/lib64/python3.11/site-packages/nbclient/client.py", line 1062, in async_execute_cell
    await self._check_raise_for_error(cell, cell_index, exec_reply)
  File "/home/mpye/docs_env/lib64/python3.11/site-packages/nbclient/client.py", line 918, in _check_raise_for_error
    raise CellExecutionError.from_cell_and_msg(cell, exec_reply_content)
nbclient.exceptions.CellExecutionError: An error occurred while executing the following cell:
------------------
#The current values of "smiles", "kOH", and "log10Cstar" are example user inputs.
#For true interactive behavior, replace the variable values with the commented 
#code on the same line.
smiles = 'C=CC1=CC=CC=C1'   #str(input('enter SMILES:  '))
kOH = 5.79e-11  #float(input('enter kOH (cm3 molecules-1 s-1):  '))
log10Cstar = 7.55   #float(input('enter log10Cstar (Cstar in ug/m3):  '))
print(f'CRACMM species:  {get_cracmm_roc(smiles, kOH, log10Cstar)}')
------------------


[0;31m---------------------------------------------------------------------------[0m
[0;31mNameError[0m                                 Traceback (most recent call last)
Cell [0;32mIn[3], line 7[0m
[1;32m      5[0m kOH [38;5;241m=[39m [38;5;241m5.79e-11[39m  [38;5;66;03m#float(input('enter kOH (cm3 molecules-1 s-1):  '))[39;00m
[1;32m      6[0m log10Cstar [38;5;241m=[39m [38;5;241m7.55[39m   [38;5;66;03m#float(input('enter log10Cstar (Cstar in ug/m3):  '))[39;00m
[0;32m----> 7[0m [38;5;28mprint[39m([38;5;124mf[39m[38;5;124m'[39m[38;5;124mCRACMM species:  [39m[38;5;132;01m{[39;00m[43mget_cracmm_roc[49m(smiles,[38;5;250m [39mkOH,[38;5;250m [39mlog10Cstar)[38;5;132;01m}[39;00m[38;5;124m'[39m)

[0;31mNameError[0m: name 'get_cracmm_roc' is not defined

